<?xml version="1.0" encoding="UTF-8"?>
<!-- Generated by org.testng.reporters.JUnitXMLReporter -->
<testsuite ignored="0" hostname="DESKTOP-70EAU90" failures="0" tests="2" name="LoginTests" time="64.227" errors="0" timestamp="2026-03-09T22:06:08 ICT">
  <testcase classname="com.example.tests.LoginTests" name="invalidLoginShouldShowErrorMessage" time="16.148"/>
  <testcase classname="com.example.tests.LoginTests" name="validLoginShouldNavigateToDashboard" time="10.339"/>
</testsuite> <!-- LoginTests -->
