<?xml version="1.0" encoding="UTF-8"?>
<!-- Generated by org.testng.reporters.JUnitXMLReporter -->
<testsuite ignored="0" hostname="DESKTOP-70EAU90" failures="0" tests="12" name="OrangeHRMTestSuite" time="234.042" errors="0" timestamp="2026-03-12T23:06:41 ICT">
  <testcase classname="com.example.tests.LoginTests" name="invalidLoginShouldShowErrorMessage" time="3.213"/>
  <testcase classname="com.example.tests.LoginTests" name="validLoginShouldNavigateToDashboard" time="3.444"/>
  <testcase classname="com.example.tests.AdminPageTests" name="tc01_searchByExistingUsername_showsOnlyThatUser" time="6.842"/>
  <testcase classname="com.example.tests.AdminPageTests" name="tc02_searchByUserRole_admin_showsOnlyAdminUsers" time="7.717"/>
  <testcase classname="com.example.tests.AdminPageTests" name="tc03_resetSearch_clearsFiltersAndRestoresList" time="20.13"/>
  <testcase classname="com.example.tests.AdminPageTests" name="tc04_addNewUser_success" time="41.69"/>
  <testcase classname="com.example.tests.AdminPageTests" name="tc05_addUser_requiredValidationMessagesShown" time="16.379"/>
  <testcase classname="com.example.tests.AdminPageTests" name="tc06_addUser_simplePassword_showsStrengthWarning" time="9.787"/>
  <testcase classname="com.example.tests.AdminPageTests" name="tc07_editExistingUser_roleChangePersists" time="9.833"/>
  <testcase classname="com.example.tests.AdminPageTests" name="tc08_deleteSingleUser_removesUser" time="16.625"/>
  <testcase classname="com.example.tests.AdminPageTests" name="tc09_bulkDelete_multipleUsersRemoved" time="17.075"/>
  <testcase classname="com.example.tests.AdminPageTests" name="tc10_usernameUniqueness_validationShownForDuplicate" time="21.515"/>
</testsuite> <!-- OrangeHRMTestSuite -->
