<?xml version="1.0" encoding="UTF-8"?>
<testng-results ignored="0" total="12" passed="12" failed="0" skipped="0">
  <reporter-output>
  </reporter-output>
  <suite started-at="2026-03-12T23:02:47 ICT" name="OrangeHRMTests" finished-at="2026-03-12T23:06:41 ICT" duration-ms="234042">
    <groups>
    </groups>
    <test started-at="2026-03-12T23:02:47 ICT" name="OrangeHRMTestSuite" finished-at="2026-03-12T23:06:41 ICT" duration-ms="234042">
      <class name="com.example.tests.AdminPageTests">
        <test-method is-config="true" signature="setUp()[pri:0, instance:com.example.tests.AdminPageTests@10e31a9a]" started-at="2026-03-12T23:03:04 ICT" name="setUp" finished-at="2026-03-12T23:03:08 ICT" duration-ms="4618" status="PASS">
          <reporter-output>
          </reporter-output>
        </test-method> <!-- setUp -->
        <test-method signature="tc01_searchByExistingUsername_showsOnlyThatUser()[pri:0, instance:com.example.tests.AdminPageTests@10e31a9a]" started-at="2026-03-12T23:03:08 ICT" name="tc01_searchByExistingUsername_showsOnlyThatUser" finished-at="2026-03-12T23:03:15 ICT" duration-ms="6842" status="PASS">
          <reporter-output>
          </reporter-output>
        </test-method> <!-- tc01_searchByExistingUsername_showsOnlyThatUser -->
        <test-method is-config="true" signature="tearDown()[pri:0, instance:com.example.tests.AdminPageTests@10e31a9a]" started-at="2026-03-12T23:03:15 ICT" name="tearDown" finished-at="2026-03-12T23:03:15 ICT" duration-ms="142" status="PASS">
          <reporter-output>
          </reporter-output>
        </test-method> <!-- tearDown -->
        <test-method is-config="true" signature="setUp()[pri:0, instance:com.example.tests.AdminPageTests@10e31a9a]" started-at="2026-03-12T23:03:15 ICT" name="setUp" finished-at="2026-03-12T23:03:19 ICT" duration-ms="4377" status="PASS">
          <reporter-output>
          </reporter-output>
        </test-method> <!-- setUp -->
        <test-method signature="tc02_searchByUserRole_admin_showsOnlyAdminUsers()[pri:0, instance:com.example.tests.AdminPageTests@10e31a9a]" started-at="2026-03-12T23:03:19 ICT" name="tc02_searchByUserRole_admin_showsOnlyAdminUsers" finished-at="2026-03-12T23:03:27 ICT" duration-ms="7717" status="PASS">
          <reporter-output>
          </reporter-output>
        </test-method> <!-- tc02_searchByUserRole_admin_showsOnlyAdminUsers -->
        <test-method is-config="true" signature="tearDown()[pri:0, instance:com.example.tests.AdminPageTests@10e31a9a]" started-at="2026-03-12T23:03:27 ICT" name="tearDown" finished-at="2026-03-12T23:03:27 ICT" duration-ms="160" status="PASS">
          <reporter-output>
          </reporter-output>
        </test-method> <!-- tearDown -->
        <test-method is-config="true" signature="setUp()[pri:0, instance:com.example.tests.AdminPageTests@10e31a9a]" started-at="2026-03-12T23:03:27 ICT" name="setUp" finished-at="2026-03-12T23:03:32 ICT" duration-ms="4557" status="PASS">
          <reporter-output>
          </reporter-output>
        </test-method> <!-- setUp -->
        <test-method signature="tc03_resetSearch_clearsFiltersAndRestoresList()[pri:0, instance:com.example.tests.AdminPageTests@10e31a9a]" started-at="2026-03-12T23:03:32 ICT" name="tc03_resetSearch_clearsFiltersAndRestoresList" finished-at="2026-03-12T23:03:52 ICT" duration-ms="20130" status="PASS">
          <reporter-output>
          </reporter-output>
        </test-method> <!-- tc03_resetSearch_clearsFiltersAndRestoresList -->
        <test-method is-config="true" signature="tearDown()[pri:0, instance:com.example.tests.AdminPageTests@10e31a9a]" started-at="2026-03-12T23:03:52 ICT" name="tearDown" finished-at="2026-03-12T23:03:52 ICT" duration-ms="174" status="PASS">
          <reporter-output>
          </reporter-output>
        </test-method> <!-- tearDown -->
        <test-method is-config="true" signature="setUp()[pri:0, instance:com.example.tests.AdminPageTests@10e31a9a]" started-at="2026-03-12T23:03:52 ICT" name="setUp" finished-at="2026-03-12T23:03:57 ICT" duration-ms="4484" status="PASS">
          <reporter-output>
          </reporter-output>
        </test-method> <!-- setUp -->
        <test-method signature="tc04_addNewUser_success()[pri:0, instance:com.example.tests.AdminPageTests@10e31a9a]" started-at="2026-03-12T23:03:57 ICT" name="tc04_addNewUser_success" finished-at="2026-03-12T23:04:38 ICT" duration-ms="41690" status="PASS">
          <reporter-output>
          </reporter-output>
        </test-method> <!-- tc04_addNewUser_success -->
        <test-method is-config="true" signature="tearDown()[pri:0, instance:com.example.tests.AdminPageTests@10e31a9a]" started-at="2026-03-12T23:04:38 ICT" name="tearDown" finished-at="2026-03-12T23:04:39 ICT" duration-ms="252" status="PASS">
          <reporter-output>
          </reporter-output>
        </test-method> <!-- tearDown -->
        <test-method is-config="true" signature="setUp()[pri:0, instance:com.example.tests.AdminPageTests@10e31a9a]" started-at="2026-03-12T23:04:39 ICT" name="setUp" finished-at="2026-03-12T23:04:43 ICT" duration-ms="4645" status="PASS">
          <reporter-output>
          </reporter-output>
        </test-method> <!-- setUp -->
        <test-method signature="tc05_addUser_requiredValidationMessagesShown()[pri:0, instance:com.example.tests.AdminPageTests@10e31a9a]" started-at="2026-03-12T23:04:43 ICT" name="tc05_addUser_requiredValidationMessagesShown" finished-at="2026-03-12T23:05:00 ICT" duration-ms="16379" status="PASS">
          <reporter-output>
          </reporter-output>
        </test-method> <!-- tc05_addUser_requiredValidationMessagesShown -->
        <test-method is-config="true" signature="tearDown()[pri:0, instance:com.example.tests.AdminPageTests@10e31a9a]" started-at="2026-03-12T23:05:00 ICT" name="tearDown" finished-at="2026-03-12T23:05:00 ICT" duration-ms="196" status="PASS">
          <reporter-output>
          </reporter-output>
        </test-method> <!-- tearDown -->
        <test-method is-config="true" signature="setUp()[pri:0, instance:com.example.tests.AdminPageTests@10e31a9a]" started-at="2026-03-12T23:05:00 ICT" name="setUp" finished-at="2026-03-12T23:05:04 ICT" duration-ms="4515" status="PASS">
          <reporter-output>
          </reporter-output>
        </test-method> <!-- setUp -->
        <test-method signature="tc06_addUser_simplePassword_showsStrengthWarning()[pri:0, instance:com.example.tests.AdminPageTests@10e31a9a]" started-at="2026-03-12T23:05:04 ICT" name="tc06_addUser_simplePassword_showsStrengthWarning" finished-at="2026-03-12T23:05:14 ICT" duration-ms="9787" status="PASS">
          <reporter-output>
          </reporter-output>
        </test-method> <!-- tc06_addUser_simplePassword_showsStrengthWarning -->
        <test-method is-config="true" signature="tearDown()[pri:0, instance:com.example.tests.AdminPageTests@10e31a9a]" started-at="2026-03-12T23:05:14 ICT" name="tearDown" finished-at="2026-03-12T23:05:14 ICT" duration-ms="164" status="PASS">
          <reporter-output>
          </reporter-output>
        </test-method> <!-- tearDown -->
        <test-method is-config="true" signature="setUp()[pri:0, instance:com.example.tests.AdminPageTests@10e31a9a]" started-at="2026-03-12T23:05:14 ICT" name="setUp" finished-at="2026-03-12T23:05:19 ICT" duration-ms="4576" status="PASS">
          <reporter-output>
          </reporter-output>
        </test-method> <!-- setUp -->
        <test-method signature="tc07_editExistingUser_roleChangePersists()[pri:0, instance:com.example.tests.AdminPageTests@10e31a9a]" started-at="2026-03-12T23:05:19 ICT" name="tc07_editExistingUser_roleChangePersists" finished-at="2026-03-12T23:05:29 ICT" duration-ms="9833" status="PASS">
          <reporter-output>
          </reporter-output>
        </test-method> <!-- tc07_editExistingUser_roleChangePersists -->
        <test-method is-config="true" signature="tearDown()[pri:0, instance:com.example.tests.AdminPageTests@10e31a9a]" started-at="2026-03-12T23:05:29 ICT" name="tearDown" finished-at="2026-03-12T23:05:29 ICT" duration-ms="151" status="PASS">
          <reporter-output>
          </reporter-output>
        </test-method> <!-- tearDown -->
        <test-method is-config="true" signature="setUp()[pri:0, instance:com.example.tests.AdminPageTests@10e31a9a]" started-at="2026-03-12T23:05:29 ICT" name="setUp" finished-at="2026-03-12T23:05:34 ICT" duration-ms="4968" status="PASS">
          <reporter-output>
          </reporter-output>
        </test-method> <!-- setUp -->
        <test-method signature="tc08_deleteSingleUser_removesUser()[pri:0, instance:com.example.tests.AdminPageTests@10e31a9a]" started-at="2026-03-12T23:05:34 ICT" name="tc08_deleteSingleUser_removesUser" finished-at="2026-03-12T23:05:51 ICT" duration-ms="16625" status="PASS">
          <reporter-output>
          </reporter-output>
        </test-method> <!-- tc08_deleteSingleUser_removesUser -->
        <test-method is-config="true" signature="tearDown()[pri:0, instance:com.example.tests.AdminPageTests@10e31a9a]" started-at="2026-03-12T23:05:51 ICT" name="tearDown" finished-at="2026-03-12T23:05:51 ICT" duration-ms="156" status="PASS">
          <reporter-output>
          </reporter-output>
        </test-method> <!-- tearDown -->
        <test-method is-config="true" signature="setUp()[pri:0, instance:com.example.tests.AdminPageTests@10e31a9a]" started-at="2026-03-12T23:05:51 ICT" name="setUp" finished-at="2026-03-12T23:05:56 ICT" duration-ms="5736" status="PASS">
          <reporter-output>
          </reporter-output>
        </test-method> <!-- setUp -->
        <test-method signature="tc09_bulkDelete_multipleUsersRemoved()[pri:0, instance:com.example.tests.AdminPageTests@10e31a9a]" started-at="2026-03-12T23:05:56 ICT" name="tc09_bulkDelete_multipleUsersRemoved" finished-at="2026-03-12T23:06:13 ICT" duration-ms="17075" status="PASS">
          <reporter-output>
          </reporter-output>
        </test-method> <!-- tc09_bulkDelete_multipleUsersRemoved -->
        <test-method is-config="true" signature="tearDown()[pri:0, instance:com.example.tests.AdminPageTests@10e31a9a]" started-at="2026-03-12T23:06:13 ICT" name="tearDown" finished-at="2026-03-12T23:06:14 ICT" duration-ms="180" status="PASS">
          <reporter-output>
          </reporter-output>
        </test-method> <!-- tearDown -->
        <test-method is-config="true" signature="setUp()[pri:0, instance:com.example.tests.AdminPageTests@10e31a9a]" started-at="2026-03-12T23:06:14 ICT" name="setUp" finished-at="2026-03-12T23:06:19 ICT" duration-ms="5269" status="PASS">
          <reporter-output>
          </reporter-output>
        </test-method> <!-- setUp -->
        <test-method signature="tc10_usernameUniqueness_validationShownForDuplicate()[pri:0, instance:com.example.tests.AdminPageTests@10e31a9a]" started-at="2026-03-12T23:06:19 ICT" name="tc10_usernameUniqueness_validationShownForDuplicate" finished-at="2026-03-12T23:06:40 ICT" duration-ms="21515" status="PASS">
          <reporter-output>
          </reporter-output>
        </test-method> <!-- tc10_usernameUniqueness_validationShownForDuplicate -->
        <test-method is-config="true" signature="tearDown()[pri:0, instance:com.example.tests.AdminPageTests@10e31a9a]" started-at="2026-03-12T23:06:40 ICT" name="tearDown" finished-at="2026-03-12T23:06:41 ICT" duration-ms="191" status="PASS">
          <reporter-output>
          </reporter-output>
        </test-method> <!-- tearDown -->
      </class> <!-- com.example.tests.AdminPageTests -->
      <class name="com.example.tests.LoginTests">
        <test-method is-config="true" signature="setUp()[pri:0, instance:com.example.tests.LoginTests@158da8e]" started-at="2026-03-12T23:02:47 ICT" name="setUp" finished-at="2026-03-12T23:02:52 ICT" duration-ms="5329" status="PASS">
          <reporter-output>
          </reporter-output>
        </test-method> <!-- setUp -->
        <test-method signature="invalidLoginShouldShowErrorMessage()[pri:0, instance:com.example.tests.LoginTests@158da8e]" started-at="2026-03-12T23:02:52 ICT" name="invalidLoginShouldShowErrorMessage" finished-at="2026-03-12T23:02:55 ICT" duration-ms="3213" status="PASS">
          <reporter-output>
          </reporter-output>
        </test-method> <!-- invalidLoginShouldShowErrorMessage -->
        <test-method is-config="true" signature="tearDown()[pri:0, instance:com.example.tests.LoginTests@158da8e]" started-at="2026-03-12T23:02:55 ICT" name="tearDown" finished-at="2026-03-12T23:02:55 ICT" duration-ms="147" status="PASS">
          <reporter-output>
          </reporter-output>
        </test-method> <!-- tearDown -->
        <test-method is-config="true" signature="setUp()[pri:0, instance:com.example.tests.LoginTests@158da8e]" started-at="2026-03-12T23:02:55 ICT" name="setUp" finished-at="2026-03-12T23:03:00 ICT" duration-ms="4615" status="PASS">
          <reporter-output>
          </reporter-output>
        </test-method> <!-- setUp -->
        <test-method signature="validLoginShouldNavigateToDashboard()[pri:0, instance:com.example.tests.LoginTests@158da8e]" started-at="2026-03-12T23:03:00 ICT" name="validLoginShouldNavigateToDashboard" finished-at="2026-03-12T23:03:03 ICT" duration-ms="3444" status="PASS">
          <reporter-output>
          </reporter-output>
        </test-method> <!-- validLoginShouldNavigateToDashboard -->
        <test-method is-config="true" signature="tearDown()[pri:0, instance:com.example.tests.LoginTests@158da8e]" started-at="2026-03-12T23:03:03 ICT" name="tearDown" finished-at="2026-03-12T23:03:04 ICT" duration-ms="139" status="PASS">
          <reporter-output>
          </reporter-output>
        </test-method> <!-- tearDown -->
      </class> <!-- com.example.tests.LoginTests -->
    </test> <!-- OrangeHRMTestSuite -->
  </suite> <!-- OrangeHRMTests -->
</testng-results>
