<?xml version="1.0" encoding="UTF-8"?>
<!-- Generated by org.testng.reporters.JUnitReportReporter -->
<testsuite hostname="DESKTOP-70EAU90" failures="0" tests="2" name="com.example.tests.LoginTests" time="15.265" errors="0" timestamp="2026-03-09T23:32:18 ICT" skipped="0">
  <testcase classname="com.example.tests.LoginTests" name="invalidLoginShouldShowErrorMessage" time="8.006"/>
  <testcase classname="com.example.tests.LoginTests" name="validLoginShouldNavigateToDashboard" time="7.259"/>
</testsuite> <!-- com.example.tests.LoginTests -->
