<?xml version="1.0" encoding="UTF-8"?>
<!-- Generated by org.testng.reporters.JUnitReportReporter -->
<testsuite hostname="DESKTOP-70EAU90" failures="0" tests="10" name="com.example.tests.AdminPageTests" time="217.104" errors="0" timestamp="2026-03-12T23:06:41 ICT" skipped="0">
  <testcase classname="com.example.tests.AdminPageTests" name="tc02_searchByUserRole_admin_showsOnlyAdminUsers" time="12.428"/>
  <testcase classname="com.example.tests.AdminPageTests" name="tc07_editExistingUser_roleChangePersists" time="14.634"/>
  <testcase classname="com.example.tests.AdminPageTests" name="tc05_addUser_requiredValidationMessagesShown" time="21.521"/>
  <testcase classname="com.example.tests.AdminPageTests" name="tc04_addNewUser_success" time="47.119"/>
  <testcase classname="com.example.tests.AdminPageTests" name="tc10_usernameUniqueness_validationShownForDuplicate" time="26.179"/>
  <testcase classname="com.example.tests.AdminPageTests" name="tc08_deleteSingleUser_removesUser" time="21.373"/>
  <testcase classname="com.example.tests.AdminPageTests" name="tc03_resetSearch_clearsFiltersAndRestoresList" time="24.890"/>
  <testcase classname="com.example.tests.AdminPageTests" name="tc01_searchByExistingUsername_showsOnlyThatUser" time="12.742"/>
  <testcase classname="com.example.tests.AdminPageTests" name="tc06_addUser_simplePassword_showsStrengthWarning" time="14.514"/>
  <testcase classname="com.example.tests.AdminPageTests" name="tc09_bulkDelete_multipleUsersRemoved" time="21.704"/>
</testsuite> <!-- com.example.tests.AdminPageTests -->
